{"C:\\Users\\Gheyas\\Desktop\\job-search\\src\\components\\MainNav.vue": {"path":"C:\\Users\\Gheyas\\Desktop\\job-search\\src\\components\\MainNav.vue","statementMap":{"0":{"start":{"line":4,"column":0},"end":{"line":6,"column":3}},"1":{"start":{"line":7,"column":0},"end":{"line":7,"column":25}},"2":{"start":{"line":8,"column":15},"end":{"line":15,"column":1}},"3":{"start":{"line":11,"column":4},"end":{"line":13,"column":6}},"4":{"start":{"line":16,"column":0},"end":{"line":16,"column":13}},"5":{"start":{"line":18,"column":0},"end":{"line":20,"column":3}},"6":{"start":{"line":21,"column":0},"end":{"line":21,"column":24}},"7":{"start":{"line":22,"column":11},"end":{"line":22,"column":25}},"8":{"start":{"line":23,"column":19},"end":{"line":25,"column":1}},"9":{"start":{"line":26,"column":19},"end":{"line":28,"column":1}},"10":{"start":{"line":29,"column":19},"end":{"line":31,"column":1}},"11":{"start":{"line":32,"column":19},"end":{"line":35,"column":1}},"12":{"start":{"line":37,"column":2},"end":{"line":37,"column":289}},"13":{"start":{"line":38,"column":2},"end":{"line":38,"column":49}}},"fnMap":{"0":{"name":"(anonymous_0)","decl":{"start":{"line":10,"column":2},"end":{"line":10,"column":3}},"loc":{"start":{"line":10,"column":9},"end":{"line":14,"column":3}},"line":10},"1":{"name":"render","decl":{"start":{"line":36,"column":9},"end":{"line":36,"column":15}},"loc":{"start":{"line":36,"column":30},"end":{"line":38,"column":1}},"line":36}},"branchMap":{},"s":{"0":1,"1":1,"2":1,"3":1,"4":1,"5":1,"6":1,"7":1,"8":1,"9":1,"10":1,"11":1,"12":1,"13":1},"f":{"0":1,"1":1},"b":{},"inputSourceMap":{"0":"{","1":"\"","2":"v","3":"e","4":"r","5":"s","6":"i","7":"o","8":"n","9":"\"","10":":","11":"3","12":",","13":"\"","14":"s","15":"o","16":"u","17":"r","18":"c","19":"e","20":"s","21":"\"","22":":","23":"[","24":"\"","25":"C","26":":","27":"\\","28":"\\","29":"U","30":"s","31":"e","32":"r","33":"s","34":"\\","35":"\\","36":"G","37":"h","38":"e","39":"y","40":"a","41":"s","42":"\\","43":"\\","44":"D","45":"e","46":"s","47":"k","48":"t","49":"o","50":"p","51":"\\","52":"\\","53":"j","54":"o","55":"b","56":"-","57":"s","58":"e","59":"a","60":"r","61":"c","62":"h","63":"\\","64":"\\","65":"s","66":"r","67":"c","68":"\\","69":"\\","70":"c","71":"o","72":"m","73":"p","74":"o","75":"n","76":"e","77":"n","78":"t","79":"s","80":"\\","81":"\\","82":"M","83":"a","84":"i","85":"n","86":"N","87":"a","88":"v","89":".","90":"v","91":"u","92":"e","93":"\"","94":"]","95":",","96":"\"","97":"n","98":"a","99":"m","100":"e","101":"s","102":"\"","103":":","104":"[","105":"]","106":",","107":"\"","108":"m","109":"a","110":"p","111":"p","112":"i","113":"n","114":"g","115":"s","116":"\"","117":":","118":"\"","119":";","120":";","121":";","122":";","123":";","124":";","125":";","126":"i","127":"C","128":"A","129":"Y","130":"e","131":";","132":"E","133":"A","134":"C","135":"b","136":",","137":"I","138":"A","139":"A","140":"I","141":",","142":"E","143":"A","144":"A","145":"E","146":",","147":"S","148":"A","149":"A","150":"S","151":";","152":"E","153":"A","154":"C","155":"f","156":",","157":"I","158":"A","159":"A","160":"I","161":",","162":"G","163":"A","164":"A","165":"G","166":";","167":"I","168":"A","169":"C","170":"L","171":",","172":"O","173":"A","174":"A","175":"O","176":";","177":"M","178":"A","179":"C","180":"L","181":",","182":"O","183":"A","184":"A","185":"O","186":",","187":"E","188":"A","189":"A","190":"E","191":";","192":"I","193":"A","194":"C","195":"X","196":",","197":"C","198":"A","199":"A","200":"C","201":";","202":"E","203":"A","204":"C","205":"H","206":";","207":"A","208":"A","209":"C","210":"F","211":",","212":"C","213":"A","214":"A","215":"C","216":"\"","217":",","218":"\"","219":"f","220":"i","221":"l","222":"e","223":"\"","224":":","225":"\"","226":"C","227":":","228":"\\","229":"\\","230":"U","231":"s","232":"e","233":"r","234":"s","235":"\\","236":"\\","237":"G","238":"h","239":"e","240":"y","241":"a","242":"s","243":"\\","244":"\\","245":"D","246":"e","247":"s","248":"k","249":"t","250":"o","251":"p","252":"\\","253":"\\","254":"j","255":"o","256":"b","257":"-","258":"s","259":"e","260":"a","261":"r","262":"c","263":"h","264":"\\","265":"\\","266":"s","267":"r","268":"c","269":"\\","270":"\\","271":"c","272":"o","273":"m","274":"p","275":"o","276":"n","277":"e","278":"n","279":"t","280":"s","281":"\\","282":"\\","283":"M","284":"a","285":"i","286":"n","287":"N","288":"a","289":"v","290":".","291":"v","292":"u","293":"e","294":"\"","295":",","296":"\"","297":"s","298":"o","299":"u","300":"r","301":"c","302":"e","303":"s","304":"C","305":"o","306":"n","307":"t","308":"e","309":"n","310":"t","311":"\"","312":":","313":"[","314":"\"","315":"<","316":"t","317":"e","318":"m","319":"p","320":"l","321":"a","322":"t","323":"e","324":">","325":"\\","326":"r","327":"\\","328":"n","329":" ","330":" ","331":"<","332":"h","333":"e","334":"a","335":"d","336":"e","337":"r","338":" ","339":"c","340":"l","341":"a","342":"s","343":"s","344":"=","345":"\\","346":"\"","347":"w","348":"-","349":"f","350":"u","351":"l","352":"l","353":" ","354":"t","355":"e","356":"x","357":"t","358":"-","359":"s","360":"m","361":"\\","362":"\"","363":">","364":"\\","365":"r","366":"\\","367":"n","368":" ","369":" ","370":" ","371":" ","372":"<","373":"d","374":"i","375":"v","376":" ","377":"c","378":"l","379":"a","380":"s","381":"s","382":"=","383":"\\","384":"\"","385":"f","386":"i","387":"x","388":"e","389":"d","390":" ","391":"t","392":"o","393":"p","394":"-","395":"0","396":" ","397":"l","398":"e","399":"f","400":"t","401":"-","402":"0","403":" ","404":"w","405":"-","406":"f","407":"u","408":"l","409":"l","410":" ","411":"h","412":"-","413":"1","414":"6","415":" ","416":"b","417":"g","418":"-","419":"w","420":"h","421":"i","422":"t","423":"e","424":"\\","425":"\"","426":">","427":"\\","428":"r","429":"\\","430":"n","431":" ","432":" ","433":" ","434":" ","435":" ","436":" ","437":"<","438":"d","439":"i","440":"v","441":"\\","442":"r","443":"\\","444":"n","445":" ","446":" ","447":" ","448":" ","449":" ","450":" ","451":" ","452":" ","453":"c","454":"l","455":"a","456":"s","457":"s","458":"=","459":"\\","460":"\"","461":"f","462":"l","463":"e","464":"x","465":" ","466":"f","467":"l","468":"e","469":"x","470":"-","471":"n","472":"o","473":"w","474":"r","475":"a","476":"p","477":" ","478":"h","479":"-","480":"f","481":"u","482":"l","483":"l","484":" ","485":"p","486":"x","487":"-","488":"8","489":" ","490":"m","491":"x","492":"-","493":"a","494":"u","495":"t","496":"o","497":" ","498":"b","499":"o","500":"r","501":"d","502":"e","503":"r","504":"-","505":"b","506":" ","507":"b","508":"o","509":"r","510":"d","511":"e","512":"r","513":"-","514":"s","515":"o","516":"l","517":"i","518":"d","519":" ","520":"b","521":"o","522":"r","523":"d","524":"e","525":"r","526":"-","527":"b","528":"r","529":"a","530":"n","531":"d","532":"-","533":"g","534":"r","535":"a","536":"y","537":"-","538":"1","539":"\\","540":"\"","541":"\\","542":"r","543":"\\","544":"n","545":" ","546":" ","547":" ","548":" ","549":" ","550":" ","551":">","552":"\\","553":"r","554":"\\","555":"n","556":" ","557":" ","558":" ","559":" ","560":" ","561":" ","562":" ","563":" ","564":"<","565":"a","566":" ","567":"h","568":"r","569":"e","570":"f","571":"=","572":"\\","573":"\"","574":"/","575":"\\","576":"\"","577":" ","578":"c","579":"l","580":"a","581":"s","582":"s","583":"=","584":"\\","585":"\"","586":"f","587":"l","588":"e","589":"x","590":" ","591":"i","592":"t","593":"e","594":"m","595":"s","596":"-","597":"c","598":"e","599":"n","600":"t","601":"e","602":"r","603":" ","604":"h","605":"-","606":"f","607":"u","608":"l","609":"l","610":" ","611":"t","612":"e","613":"x","614":"t","615":"-","616":"x","617":"l","618":"\\","619":"\"","620":">","621":"{","622":"{","623":" ","624":"c","625":"o","626":"m","627":"p","628":"a","629":"n","630":"y","631":" ","632":"}","633":"}","634":"<","635":"/","636":"a","637":">","638":"\\","639":"r","640":"\\","641":"n","642":" ","643":" ","644":" ","645":" ","646":" ","647":" ","648":"<","649":"/","650":"d","651":"i","652":"v","653":">","654":"\\","655":"r","656":"\\","657":"n","658":" ","659":" ","660":" ","661":" ","662":"<","663":"/","664":"d","665":"i","666":"v","667":">","668":"\\","669":"r","670":"\\","671":"n","672":" ","673":" ","674":"<","675":"/","676":"h","677":"e","678":"a","679":"d","680":"e","681":"r","682":">","683":"\\","684":"r","685":"\\","686":"n","687":"<","688":"/","689":"t","690":"e","691":"m","692":"p","693":"l","694":"a","695":"t","696":"e","697":">","698":"\\","699":"r","700":"\\","701":"n","702":"<","703":"s","704":"c","705":"r","706":"i","707":"p","708":"t","709":">","710":"\\","711":"r","712":"\\","713":"n","714":"e","715":"x","716":"p","717":"o","718":"r","719":"t","720":" ","721":"d","722":"e","723":"f","724":"a","725":"u","726":"l","727":"t","728":" ","729":"{","730":"\\","731":"r","732":"\\","733":"n","734":" ","735":" ","736":"n","737":"a","738":"m","739":"e","740":":","741":" ","742":"\\","743":"\"","744":"M","745":"a","746":"i","747":"n","748":"N","749":"a","750":"v","751":"\\","752":"\"","753":",","754":"\\","755":"r","756":"\\","757":"n","758":" ","759":" ","760":"d","761":"a","762":"t","763":"a","764":"(","765":")","766":" ","767":"{","768":"\\","769":"r","770":"\\","771":"n","772":" ","773":" ","774":" ","775":" ","776":"r","777":"e","778":"t","779":"u","780":"r","781":"n","782":" ","783":"{","784":"\\","785":"r","786":"\\","787":"n","788":" ","789":" ","790":" ","791":" ","792":" ","793":" ","794":"c","795":"o","796":"m","797":"p","798":"a","799":"n","800":"y","801":":","802":" ","803":"\\","804":"\"","805":"B","806":"o","807":"b","808":"o","809":" ","810":"C","811":"a","812":"r","813":"e","814":"e","815":"r","816":"s","817":"\\","818":"\"","819":",","820":"\\","821":"r","822":"\\","823":"n","824":" ","825":" ","826":" ","827":" ","828":"}","829":";","830":"\\","831":"r","832":"\\","833":"n","834":" ","835":" ","836":"}","837":",","838":"\\","839":"r","840":"\\","841":"n","842":"}","843":";","844":"\\","845":"r","846":"\\","847":"n","848":"<","849":"/","850":"s","851":"c","852":"r","853":"i","854":"p","855":"t","856":">","857":"\\","858":"r","859":"\\","860":"n","861":"\"","862":"]","863":"}"},"_coverageSchema":"1a1c01bbd47fc00a2c39e90264f33305004495a9","hash":"8efd62aeb43e1438fc024d7448f5ab1a768ceda2"}
}
